<?xml version="1.0" encoding="UTF-8"?>
<!-- Generated by org.testng.reporters.JUnitReportReporter -->
<testsuite hostname="LAPTOP-5TVOAO8A" failures="0" tests="1" name="ca.codenbox.Final_E2E_Maven.DropDownTest" time="8.155" errors="0" timestamp="2023-08-09T17:26:58 EDT" skipped="0">
  <testcase classname="ca.codenbox.Final_E2E_Maven.DropDownTest" name="dropdowntest" time="8.155"/>
  <system-out/>
</testsuite> <!-- ca.codenbox.Final_E2E_Maven.DropDownTest -->
