<?xml version="1.0" encoding="UTF-8"?>
<!-- Generated by org.testng.reporters.JUnitReportReporter -->
<testsuite hostname="LAPTOP-5TVOAO8A" failures="0" tests="1" name="ca.codenbox.Final_E2E_Maven.DropDownTest" time="7.514" errors="0" timestamp="11 Aug. 2023 20:55:35 GMT" skipped="0">
  <testcase classname="ca.codenbox.Final_E2E_Maven.DropDownTest" name="dropdowntest" time="7.514"/>
</testsuite> <!-- ca.codenbox.Final_E2E_Maven.DropDownTest -->
